<?xml version="1.0" encoding="UTF-8"?>
<!-- Generated by org.testng.reporters.JUnitReportReporter -->
<testsuite skipped="0" hostname="DESKTOP-SNDT4RA" name="runner.RerunFailedRunner" tests="1" failures="0" timestamp="2021-08-10T13:09:39 IST" time="35.724" errors="0">
  <testcase name="runScenario" time="35.724" classname="runner.RerunFailedRunner"/>
  <system-out/>
</testsuite> <!-- runner.RerunFailedRunner -->
